[debug] [2019-10-03T11:04:48.847Z] ----------------------------------------------------------------------
[debug] [2019-10-03T11:04:48.849Z] Command:       /usr/local/Cellar/node/11.11.0/bin/node /Users/parth/npm-global/bin/firebase serve
[debug] [2019-10-03T11:04:48.849Z] CLI Version:   6.5.0
[debug] [2019-10-03T11:04:48.849Z] Platform:      darwin
[debug] [2019-10-03T11:04:48.849Z] Node Version:  v11.11.0
[debug] [2019-10-03T11:04:48.850Z] Time:          Thu Oct 03 2019 16:34:48 GMT+0530 (India Standard Time)
[debug] [2019-10-03T11:04:48.850Z] ----------------------------------------------------------------------
[debug] 
[debug] [2019-10-03T11:04:48.859Z] > command requires scopes: ["email","openid","https://www.googleapis.com/auth/cloudplatformprojects.readonly","https://www.googleapis.com/auth/firebase","https://www.googleapis.com/auth/cloud-platform"]
[debug] [2019-10-03T11:04:48.859Z] > authorizing via signed-in user
[debug] [2019-10-03T11:04:48.859Z] [iam] checking project mextifiy-events for permissions ["firebase.projects.get"]
[debug] [2019-10-03T11:04:48.860Z] > refreshing access token with scopes: ["email","https://www.googleapis.com/auth/cloud-platform","https://www.googleapis.com/auth/cloudplatformprojects.readonly","https://www.googleapis.com/auth/firebase","openid"]
[debug] [2019-10-03T11:04:48.860Z] >>> HTTP REQUEST POST https://www.googleapis.com/oauth2/v3/token  
 <request body omitted>
[debug] [2019-10-03T11:04:49.296Z] <<< HTTP RESPONSE 200
[debug] [2019-10-03T11:04:49.312Z] >>> HTTP REQUEST POST https://cloudresourcemanager.googleapis.com/v1/projects/mextifiy-events:testIamPermissions  

[debug] [2019-10-03T11:04:51.232Z] <<< HTTP RESPONSE 200
[debug] [2019-10-03T11:04:51.233Z] >>> HTTP REQUEST GET https://cloudresourcemanager.googleapis.com/v1/projects/mextifiy-events  
 
[debug] [2019-10-03T11:04:53.137Z] <<< HTTP RESPONSE 200
[info] 
[info] === Serving from '/Users/parth/Documents/Workspace/mext-events'...
[info] 
[info] i  functions: Preparing to emulate functions.
[debug] [2019-10-03T11:04:53.950Z] Fetching environment
[debug] [2019-10-03T11:04:53.955Z] Error: EACCES: permission denied, open '/Users/parth/.config/gcloud/application_default_credentials.json'
    at Object.openSync (fs.js:448:3)
    at Object.writeFileSync (fs.js:1210:35)
    at module.exports (/Users/parth/npm-global/lib/node_modules/firebase-tools/lib/ensureDefaultCredentials.js:28:8)
    at FunctionsEmulator.start (/Users/parth/npm-global/lib/node_modules/firebase-tools/lib/functionsEmulator.js:106:5)
    at Object.start (/Users/parth/npm-global/lib/node_modules/firebase-tools/lib/serve/functions.js:7:33)
    at /Users/parth/npm-global/lib/node_modules/firebase-tools/lib/serve/index.js:15:23
    at arrayMap (/Users/parth/npm-global/lib/node_modules/firebase-tools/node_modules/lodash/lodash.js:639:23)
    at Function.map (/Users/parth/npm-global/lib/node_modules/firebase-tools/node_modules/lodash/lodash.js:9556:14)
    at _serve (/Users/parth/npm-global/lib/node_modules/firebase-tools/lib/serve/index.js:13:26)
    at Command.module.exports.Command.description.option.option.option.option.before.action [as _action] (/Users/parth/npm-global/lib/node_modules/firebase-tools/lib/commands/serve.js:55:12)
[error] 
[error] Error: An unexpected error has occurred.
[debug] [2019-10-03T11:04:58.603Z] ----------------------------------------------------------------------
[debug] [2019-10-03T11:04:58.605Z] Command:       /usr/local/Cellar/node/11.11.0/bin/node /Users/parth/npm-global/bin/firebase serve
[debug] [2019-10-03T11:04:58.605Z] CLI Version:   6.5.0
[debug] [2019-10-03T11:04:58.605Z] Platform:      darwin
[debug] [2019-10-03T11:04:58.605Z] Node Version:  v11.11.0
[debug] [2019-10-03T11:04:58.606Z] Time:          Thu Oct 03 2019 16:34:58 GMT+0530 (India Standard Time)
[debug] [2019-10-03T11:04:58.606Z] ----------------------------------------------------------------------
[debug] 
[debug] [2019-10-03T11:04:58.614Z] > command requires scopes: ["email","openid","https://www.googleapis.com/auth/cloudplatformprojects.readonly","https://www.googleapis.com/auth/firebase","https://www.googleapis.com/auth/cloud-platform"]
[debug] [2019-10-03T11:04:58.615Z] > authorizing via signed-in user
[debug] [2019-10-03T11:04:58.615Z] [iam] checking project mextifiy-events for permissions ["firebase.projects.get"]
[debug] [2019-10-03T11:04:58.617Z] >>> HTTP REQUEST POST https://cloudresourcemanager.googleapis.com/v1/projects/mextifiy-events:testIamPermissions  

[debug] [2019-10-03T11:05:00.552Z] <<< HTTP RESPONSE 200
[debug] [2019-10-03T11:05:00.555Z] >>> HTTP REQUEST GET https://cloudresourcemanager.googleapis.com/v1/projects/mextifiy-events  
 
[debug] [2019-10-03T11:05:02.079Z] <<< HTTP RESPONSE 200
[info] 
[info] === Serving from '/Users/parth/Documents/Workspace/mext-events'...
[info] 
[info] i  functions: Preparing to emulate functions.
[debug] [2019-10-03T11:05:02.542Z] Fetching environment
[debug] [2019-10-03T11:05:02.546Z] Error: EACCES: permission denied, open '/Users/parth/.config/gcloud/application_default_credentials.json'
    at Object.openSync (fs.js:448:3)
    at Object.writeFileSync (fs.js:1210:35)
    at module.exports (/Users/parth/npm-global/lib/node_modules/firebase-tools/lib/ensureDefaultCredentials.js:28:8)
    at FunctionsEmulator.start (/Users/parth/npm-global/lib/node_modules/firebase-tools/lib/functionsEmulator.js:106:5)
    at Object.start (/Users/parth/npm-global/lib/node_modules/firebase-tools/lib/serve/functions.js:7:33)
    at /Users/parth/npm-global/lib/node_modules/firebase-tools/lib/serve/index.js:15:23
    at arrayMap (/Users/parth/npm-global/lib/node_modules/firebase-tools/node_modules/lodash/lodash.js:639:23)
    at Function.map (/Users/parth/npm-global/lib/node_modules/firebase-tools/node_modules/lodash/lodash.js:9556:14)
    at _serve (/Users/parth/npm-global/lib/node_modules/firebase-tools/lib/serve/index.js:13:26)
    at Command.module.exports.Command.description.option.option.option.option.before.action [as _action] (/Users/parth/npm-global/lib/node_modules/firebase-tools/lib/commands/serve.js:55:12)
[error] 
[error] Error: An unexpected error has occurred.
[debug] [2019-10-03T11:05:05.845Z] ----------------------------------------------------------------------
[debug] [2019-10-03T11:05:05.848Z] Command:       /usr/local/Cellar/node/11.11.0/bin/node /Users/parth/npm-global/bin/firebase serve
[debug] [2019-10-03T11:05:05.848Z] CLI Version:   6.5.0
[debug] [2019-10-03T11:05:05.848Z] Platform:      darwin
[debug] [2019-10-03T11:05:05.848Z] Node Version:  v11.11.0
[debug] [2019-10-03T11:05:05.849Z] Time:          Thu Oct 03 2019 16:35:05 GMT+0530 (India Standard Time)
[debug] [2019-10-03T11:05:05.849Z] ----------------------------------------------------------------------
[debug] 
[debug] [2019-10-03T11:05:05.858Z] > command requires scopes: ["email","openid","https://www.googleapis.com/auth/cloudplatformprojects.readonly","https://www.googleapis.com/auth/firebase","https://www.googleapis.com/auth/cloud-platform"]
[debug] [2019-10-03T11:05:05.858Z] > authorizing via signed-in user
[debug] [2019-10-03T11:05:05.858Z] [iam] checking project mextifiy-events for permissions ["firebase.projects.get"]
[debug] [2019-10-03T11:05:05.860Z] >>> HTTP REQUEST POST https://cloudresourcemanager.googleapis.com/v1/projects/mextifiy-events:testIamPermissions  

[debug] [2019-10-03T11:05:07.477Z] <<< HTTP RESPONSE 200
[debug] [2019-10-03T11:05:07.480Z] >>> HTTP REQUEST GET https://cloudresourcemanager.googleapis.com/v1/projects/mextifiy-events  
 
[debug] [2019-10-03T11:05:09.010Z] <<< HTTP RESPONSE 200
[info] 
[info] === Serving from '/Users/parth/Documents/Workspace/mext-events'...
[info] 
[info] i  functions: Preparing to emulate functions.
[debug] [2019-10-03T11:05:09.502Z] Fetching environment
[debug] [2019-10-03T11:05:09.506Z] Error: EACCES: permission denied, open '/Users/parth/.config/gcloud/application_default_credentials.json'
    at Object.openSync (fs.js:448:3)
    at Object.writeFileSync (fs.js:1210:35)
    at module.exports (/Users/parth/npm-global/lib/node_modules/firebase-tools/lib/ensureDefaultCredentials.js:28:8)
    at FunctionsEmulator.start (/Users/parth/npm-global/lib/node_modules/firebase-tools/lib/functionsEmulator.js:106:5)
    at Object.start (/Users/parth/npm-global/lib/node_modules/firebase-tools/lib/serve/functions.js:7:33)
    at /Users/parth/npm-global/lib/node_modules/firebase-tools/lib/serve/index.js:15:23
    at arrayMap (/Users/parth/npm-global/lib/node_modules/firebase-tools/node_modules/lodash/lodash.js:639:23)
    at Function.map (/Users/parth/npm-global/lib/node_modules/firebase-tools/node_modules/lodash/lodash.js:9556:14)
    at _serve (/Users/parth/npm-global/lib/node_modules/firebase-tools/lib/serve/index.js:13:26)
    at Command.module.exports.Command.description.option.option.option.option.before.action [as _action] (/Users/parth/npm-global/lib/node_modules/firebase-tools/lib/commands/serve.js:55:12)
[error] 
[error] Error: An unexpected error has occurred.
[debug] [2019-10-03T11:05:50.335Z] ----------------------------------------------------------------------
[debug] [2019-10-03T11:05:50.337Z] Command:       /usr/local/Cellar/node/11.11.0/bin/node /Users/parth/npm-global/bin/firebase serve
[debug] [2019-10-03T11:05:50.338Z] CLI Version:   6.5.0
[debug] [2019-10-03T11:05:50.338Z] Platform:      darwin
[debug] [2019-10-03T11:05:50.338Z] Node Version:  v11.11.0
[debug] [2019-10-03T11:05:50.339Z] Time:          Thu Oct 03 2019 16:35:50 GMT+0530 (India Standard Time)
[debug] [2019-10-03T11:05:50.339Z] ----------------------------------------------------------------------
[debug] 
[debug] [2019-10-03T11:05:50.347Z] > command requires scopes: ["email","openid","https://www.googleapis.com/auth/cloudplatformprojects.readonly","https://www.googleapis.com/auth/firebase","https://www.googleapis.com/auth/cloud-platform"]
[debug] [2019-10-03T11:05:50.348Z] > authorizing via signed-in user
[debug] [2019-10-03T11:05:50.348Z] [iam] checking project mextifiy-events for permissions ["firebase.projects.get"]
[debug] [2019-10-03T11:05:50.349Z] >>> HTTP REQUEST POST https://cloudresourcemanager.googleapis.com/v1/projects/mextifiy-events:testIamPermissions  

[debug] [2019-10-03T11:05:51.972Z] <<< HTTP RESPONSE 200
[debug] [2019-10-03T11:05:51.974Z] >>> HTTP REQUEST GET https://cloudresourcemanager.googleapis.com/v1/projects/mextifiy-events  
 
[debug] [2019-10-03T11:05:53.554Z] <<< HTTP RESPONSE 200
[info] 
[info] === Serving from '/Users/parth/Documents/Workspace/mext-events'...
[info] 
[info] i  functions: Preparing to emulate functions.
[debug] [2019-10-03T11:05:54.084Z] Fetching environment
[debug] [2019-10-03T11:05:54.086Z] >>> HTTP REQUEST GET https://mobilesdk-pa.googleapis.com/v1/projects/975871438737:getServerAppConfig  
 
[debug] [2019-10-03T11:05:54.779Z] <<< HTTP RESPONSE 200
[debug] [2019-10-03T11:05:54.780Z] Starting @google-cloud/functions-emulator
[debug] [2019-10-03T11:05:56.340Z] Parsing function triggers
[info] ✔  functions: sendMail: http://localhost:5000/mextifiy-events/us-central1/sendMail
[debug] [2019-11-22T08:00:54.195Z] ----------------------------------------------------------------------
[debug] [2019-11-22T08:00:54.201Z] Command:       E:\Web Dev Projects\Node\node.exe C:\Users\hp\AppData\Roaming\npm\node_modules\firebase-tools\lib\bin\firebase.js serve
[debug] [2019-11-22T08:00:54.201Z] CLI Version:   7.0.2
[debug] [2019-11-22T08:00:54.201Z] Platform:      win32
[debug] [2019-11-22T08:00:54.201Z] Node Version:  v10.16.3
[debug] [2019-11-22T08:00:54.204Z] Time:          Fri Nov 22 2019 13:30:54 GMT+0530 (India Standard Time)
[debug] [2019-11-22T08:00:54.204Z] ----------------------------------------------------------------------
[debug] 
[debug] [2019-11-22T08:00:54.319Z] > command requires scopes: ["email","openid","https://www.googleapis.com/auth/cloudplatformprojects.readonly","https://www.googleapis.com/auth/firebase","https://www.googleapis.com/auth/cloud-platform"]
[debug] [2019-11-22T08:00:54.320Z] > authorizing via signed-in user
[debug] [2019-11-22T08:00:54.320Z] [iam] checking project mextifiy-events for permissions ["firebase.projects.get"]
[debug] [2019-11-22T08:00:54.324Z] > refreshing access token with scopes: ["email","https://www.googleapis.com/auth/cloud-platform","https://www.googleapis.com/auth/cloudplatformprojects.readonly","https://www.googleapis.com/auth/firebase","openid"]
[debug] [2019-11-22T08:00:54.324Z] >>> HTTP REQUEST POST https://www.googleapis.com/oauth2/v3/token  
 <request body omitted>
[debug] [2019-11-22T08:00:54.796Z] <<< HTTP RESPONSE 200
[debug] [2019-11-22T08:00:54.873Z] >>> HTTP REQUEST POST https://cloudresourcemanager.googleapis.com/v1/projects/mextifiy-events:testIamPermissions  

