[debug] [2019-11-26T04:33:08.553Z] ----------------------------------------------------------------------
[debug] [2019-11-26T04:33:08.556Z] Command:       E:\Web Dev Projects\Node\node.exe C:\Users\hp\AppData\Roaming\npm\node_modules\firebase-tools\lib\bin\firebase.js serve
[debug] [2019-11-26T04:33:08.556Z] CLI Version:   7.8.1
[debug] [2019-11-26T04:33:08.556Z] Platform:      win32
[debug] [2019-11-26T04:33:08.556Z] Node Version:  v10.16.3
[debug] [2019-11-26T04:33:08.557Z] Time:          Tue Nov 26 2019 10:03:08 GMT+0530 (India Standard Time)
[debug] [2019-11-26T04:33:08.557Z] ----------------------------------------------------------------------
[debug] [2019-11-26T04:33:08.557Z] 
[debug] [2019-11-26T04:33:08.571Z] > command requires scopes: ["email","openid","https://www.googleapis.com/auth/cloudplatformprojects.readonly","https://www.googleapis.com/auth/firebase","https://www.googleapis.com/auth/cloud-platform"]
[debug] [2019-11-26T04:33:08.572Z] > authorizing via signed-in user
[debug] [2019-11-26T04:33:08.572Z] [iam] checking project mextifiy-events for permissions ["firebase.projects.get"]
[debug] [2019-11-26T04:33:08.574Z] >>> HTTP REQUEST POST https://cloudresourcemanager.googleapis.com/v1/projects/mextifiy-events:testIamPermissions  

[debug] [2019-11-26T04:33:10.638Z] <<< HTTP RESPONSE 200
[debug] [2019-11-26T04:33:10.640Z] >>> HTTP REQUEST GET https://firebase.googleapis.com/v1beta1/projects/mextifiy-events  
 
[debug] [2019-11-26T04:33:11.123Z] <<< HTTP RESPONSE 200
[info] 
[info] === Serving from 'E:\Web Dev Projects\event-creator'...
[info] 
[warn] !  Your requested "node" version "8" doesn't match your global version "10"
[info] +  functions: Emulator started at http://localhost:5000
[info] i  functions: Watching "E:\Web Dev Projects\event-creator\functions" for Cloud Functions...
[debug] [2019-11-26T04:33:13.674Z] [worker-~diagnostic~-0c793a59-217f-4ed0-9379-f9d465dc6966]: Assigning socketPath: \\?\pipe\E:\Web Dev Projects\event-creator\functions\3424
[debug] [2019-11-26T04:33:13.674Z] [worker-~diagnostic~-0c793a59-217f-4ed0-9379-f9d465dc6966]: BUSY
[debug] [2019-11-26T04:33:14.201Z] [runtime-status] [3424] Functions runtime initialized. {"cwd":"E:\\Web Dev Projects\\event-creator\\functions","node_version":"10.16.3"}
[debug] [2019-11-26T04:33:14.203Z] [runtime-status] [3424] Disabled runtime features: {"functions_config_helper":true,"network_filtering":true,"timeout":true,"memory_limiting":true,"admin_stubs":true,"pubsub_emulator":true}
[warn] !  The Cloud Functions emulator requires the module "firebase-admin" to be installed. This package is in your package.json, but it's not available. You probably need to run "npm install" in your functions directory.
[info] i  functions: Your functions could not be parsed due to an issue with your node_modules (see above)
[debug] [2019-11-26T04:33:14.229Z] [worker-~diagnostic~-0c793a59-217f-4ed0-9379-f9d465dc6966]: exited
[debug] [2019-11-26T04:33:14.229Z] [worker-~diagnostic~-0c793a59-217f-4ed0-9379-f9d465dc6966]: FINISHED
